#
# There is insufficient memory for the Java Runtime Environment to continue.
# Native memory allocation (mmap) failed to map 311427072 bytes for G1 virtual space
# Possible reasons:
#   The system is out of physical RAM or swap space
#   The process is running with CompressedOops enabled, and the Java Heap may be blocking the growth of the native heap
# Possible solutions:
#   Reduce memory load on the system
#   Increase physical memory or swap space
#   Check if swap backing store is full
#   Decrease Java heap size (-Xmx/-Xms)
#   Decrease number of Java threads
#   Decrease Java thread stack sizes (-Xss)
#   Set larger code cache with -XX:ReservedCodeCacheSize=
#   JVM is running with Unscaled Compressed Oops mode in which the Java heap is
#     placed in the first 4GB address space. The Java Heap base address is the
#     maximum limit for the native heap growth. Please use -XX:HeapBaseMinAddress
#     to set the Java Heap base and to place the Java Heap above 4GB virtual address.
# This output file may be truncated or incomplete.
#
#  Out of Memory Error (os_windows.cpp:3600), pid=289108, tid=325496
#
# JRE version: Java(TM) SE Runtime Environment (21.0.5+9) (build 21.0.5+9-LTS-239)
# Java VM: Java HotSpot(TM) 64-Bit Server VM (21.0.5+9-LTS-239, mixed mode, emulated-client, sharing, tiered, compressed oops, compressed class ptrs, g1 gc, windows-amd64)
# No core dump will be written. Minidumps are not enabled by default on client versions of Windows
#

---------------  S U M M A R Y ------------

Command Line: -XX:TieredStopAtLevel=1 com.example.server.ServerApplication

Host: 11th Gen Intel(R) Core(TM) i5-11400H @ 2.70GHz, 12 cores, 7G,  Windows 11 , 64 bit Build 26100 (10.0.26100.3037)
Time: Wed Feb 19 02:28:45 2025 SE Asia Standard Time elapsed time: 8.470352 seconds (0d 0h 0m 8s)

---------------  T H R E A D  ---------------

Current thread (0x000001e856f50f50):  VMThread "VM Thread"          [id=325496, stack(0x000000228f400000,0x000000228f500000) (1024K)]

Stack: [0x000000228f400000,0x000000228f500000]
Native frames: (J=compiled Java code, j=interpreted, Vv=VM code, C=native code)
V  [jvm.dll+0x6ca289]
V  [jvm.dll+0x854a51]
V  [jvm.dll+0x856f7e]
V  [jvm.dll+0x857653]
V  [jvm.dll+0x27dd26]
V  [jvm.dll+0x6c6a25]
V  [jvm.dll+0x6bb5aa]
V  [jvm.dll+0x35359a]
V  [jvm.dll+0x35b1f6]
V  [jvm.dll+0x3adade]
V  [jvm.dll+0x3add88]
V  [jvm.dll+0x3278fc]
V  [jvm.dll+0x327987]
V  [jvm.dll+0x36c26c]
V  [jvm.dll+0x36aabe]
V  [jvm.dll+0x3270c1]
V  [jvm.dll+0x36a1da]
V  [jvm.dll+0x85d420]
V  [jvm.dll+0x85e7a4]
V  [jvm.dll+0x85ece0]
V  [jvm.dll+0x85ef83]
V  [jvm.dll+0x7fee9b]
V  [jvm.dll+0x6c896d]
C  [ucrtbase.dll+0x37b0]
C  [KERNEL32.DLL+0x2e8d7]
C  [ntdll.dll+0xbbf2c]

VM_Operation (0x00000022905fd280): G1CollectForAllocation, mode: safepoint, requested by thread 0x000001e85c6640c0


---------------  P R O C E S S  ---------------

Threads class SMR info:
_java_thread_list=0x000001e85d56dde0, length=13, elements={
0x000001e8449451f0, 0x000001e856f6a410, 0x000001e856f6af50, 0x000001e856f72650,
0x000001e856f73190, 0x000001e856f74d20, 0x000001e856f75770, 0x000001e856f761c0,
0x000001e857a48d70, 0x000001e857a49590, 0x000001e85c66c930, 0x000001e85c6640c0,
0x000001e85d56cc70
}

Java Threads: ( => current thread )
  0x000001e8449451f0 JavaThread "main"                              [_thread_blocked, id=307824, stack(0x000000228ed00000,0x000000228ee00000) (1024K)]
  0x000001e856f6a410 JavaThread "Reference Handler"          daemon [_thread_blocked, id=325876, stack(0x000000228f500000,0x000000228f600000) (1024K)]
  0x000001e856f6af50 JavaThread "Finalizer"                  daemon [_thread_blocked, id=324536, stack(0x000000228f600000,0x000000228f700000) (1024K)]
  0x000001e856f72650 JavaThread "Signal Dispatcher"          daemon [_thread_blocked, id=323872, stack(0x000000228f700000,0x000000228f800000) (1024K)]
  0x000001e856f73190 JavaThread "Attach Listener"            daemon [_thread_blocked, id=320548, stack(0x000000228f800000,0x000000228f900000) (1024K)]
  0x000001e856f74d20 JavaThread "Service Thread"             daemon [_thread_blocked, id=324496, stack(0x000000228f900000,0x000000228fa00000) (1024K)]
  0x000001e856f75770 JavaThread "Monitor Deflation Thread"   daemon [_thread_blocked, id=321644, stack(0x000000228fa00000,0x000000228fb00000) (1024K)]
  0x000001e856f761c0 JavaThread "C1 CompilerThread0"         daemon [_thread_blocked, id=323864, stack(0x000000228fb00000,0x000000228fc00000) (1024K)]
  0x000001e857a48d70 JavaThread "Notification Thread"        daemon [_thread_blocked, id=322980, stack(0x000000228fd00000,0x000000228fe00000) (1024K)]
  0x000001e857a49590 JavaThread "Common-Cleaner"             daemon [_thread_blocked, id=326124, stack(0x000000228fe00000,0x000000228ff00000) (1024K)]
  0x000001e85c66c930 JavaThread "Thread-0"                          [_thread_blocked, id=283312, stack(0x0000002290400000,0x0000002290500000) (1024K)]
  0x000001e85c6640c0 JavaThread "restartedMain"                     [_thread_blocked, id=321120, stack(0x0000002290500000,0x0000002290600000) (1024K)]
  0x000001e85d56cc70 JavaThread "C1 CompilerThread1"         daemon [_thread_blocked, id=325472, stack(0x000000228fc00000,0x000000228fd00000) (1024K)]
Total: 13

Other Threads:
=>0x000001e856f50f50 VMThread "VM Thread"                           [id=325496, stack(0x000000228f400000,0x000000228f500000) (1024K)]
  0x000001e856f3dea0 WatcherThread "VM Periodic Task Thread"        [id=326076, stack(0x000000228f300000,0x000000228f400000) (1024K)]
  0x000001e846d676e0 WorkerThread "GC Thread#0"                     [id=325376, stack(0x000000228ee00000,0x000000228ef00000) (1024K)]
  0x000001e85c5c91c0 WorkerThread "GC Thread#1"                     [id=323828, stack(0x0000002290000000,0x0000002290100000) (1024K)]
  0x000001e85c5aad40 WorkerThread "GC Thread#2"                     [id=320900, stack(0x0000002290100000,0x0000002290200000) (1024K)]
  0x000001e85c66c1f0 WorkerThread "GC Thread#3"                     [id=326448, stack(0x0000002290200000,0x0000002290300000) (1024K)]
  0x000001e85c66c590 WorkerThread "GC Thread#4"                     [id=307568, stack(0x0000002290300000,0x0000002290400000) (1024K)]
  0x000001e85c7cc790 WorkerThread "GC Thread#5"                     [id=323020, stack(0x0000002290600000,0x0000002290700000) (1024K)]
  0x000001e85c824d20 WorkerThread "GC Thread#6"                     [id=326228, stack(0x0000002290700000,0x0000002290800000) (1024K)]
  0x000001e85ca202e0 WorkerThread "GC Thread#7"                     [id=323072, stack(0x0000002290900000,0x0000002290a00000) (1024K)]
  0x000001e85ca218a0 WorkerThread "GC Thread#8"                     [id=325476, stack(0x0000002290a00000,0x0000002290b00000) (1024K)]
  0x000001e85ca20a20 WorkerThread "GC Thread#9"                     [id=316924, stack(0x0000002290b00000,0x0000002290c00000) (1024K)]
  0x000001e846d794d0 ConcurrentGCThread "G1 Main Marker"            [id=321652, stack(0x000000228ef00000,0x000000228f000000) (1024K)]
  0x000001e846d79fd0 WorkerThread "G1 Conc#0"                       [id=323984, stack(0x000000228f000000,0x000000228f100000) (1024K)]
  0x000001e85ca1ff40 WorkerThread "G1 Conc#1"                       [id=310348, stack(0x0000002290800000,0x0000002290900000) (1024K)]
  0x000001e85ca21160 WorkerThread "G1 Conc#2"                       [id=321856, stack(0x0000002290c00000,0x0000002290d00000) (1024K)]
  0x000001e856dfe430 ConcurrentGCThread "G1 Refine#0"               [id=326472, stack(0x000000228f100000,0x000000228f200000) (1024K)]
  0x000001e856e0ac90 ConcurrentGCThread "G1 Service"                [id=326436, stack(0x000000228f200000,0x000000228f300000) (1024K)]
Total: 18

Threads with active compile tasks:
Total: 0

VM state: at safepoint (normal execution)

VM Mutex/Monitor currently owned by a thread:  ([mutex/lock_event])
[0x00007ffc42f4be98] Threads_lock - owner thread: 0x000001e856f50f50
[0x00007ffc42f4bf98] Heap_lock - owner thread: 0x000001e85c6640c0

Heap address: 0x0000000084400000, size: 1980 MB, Compressed Oops mode: 32-bit

CDS archive(s) mapped at: [0x000001e800000000-0x000001e800c90000-0x000001e800c90000), size 13172736, SharedBaseAddress: 0x000001e800000000, ArchiveRelocationMode: 1.
Compressed class space mapped at: 0x000001e801000000-0x000001e841000000, reserved size: 1073741824
Narrow klass base: 0x000001e800000000, Narrow klass shift: 0, Narrow klass range: 0x100000000

GC Precious Log:
 CardTable entry size: 512
 Card Set container configuration: InlinePtr #cards 5 size 8 Array Of Cards #cards 12 size 40 Howl #buckets 4 coarsen threshold 1843 Howl Bitmap #cards 512 size 80 coarsen threshold 460 Card regions per heap region 1 cards per card region 2048
 CPUs: 12 total, 12 available
 Memory: 7914M
 Large Page Support: Disabled
 NUMA Support: Disabled
 Compressed Oops: Enabled (32-bit)
 Heap Region Size: 1M
 Heap Min Capacity: 8M
 Heap Initial Capacity: 124M
 Heap Max Capacity: 1980M
 Pre-touch: Disabled
 Parallel Workers: 10
 Concurrent Workers: 3
 Concurrent Refinement Workers: 10
 Periodic GC: Disabled

Heap:
 garbage-first heap   total 186368K, used 29842K [0x0000000084400000, 0x0000000100000000)
  region size 1024K, 2 young (2048K), 2 survivors (2048K)
 Metaspace       used 32230K, committed 32704K, reserved 1114112K
  class space    used 4389K, committed 4608K, reserved 1048576K

Heap Regions: E=young(eden), S=young(survivor), O=old, HS=humongous(starts), HC=humongous(continues), CS=collection set, F=free, TAMS=top-at-mark-start, PB=parsable bottom
|   0|0x0000000084400000, 0x0000000084500000, 0x0000000084500000|100%|HS|  |TAMS 0x0000000084400000| PB 0x0000000084400000| Complete 
|   1|0x0000000084500000, 0x0000000084600000, 0x0000000084600000|100%|HS|  |TAMS 0x0000000084500000| PB 0x0000000084500000| Complete 
|   2|0x0000000084600000, 0x0000000084700000, 0x0000000084700000|100%| O|  |TAMS 0x0000000084600000| PB 0x0000000084600000| Untracked 
|   3|0x0000000084700000, 0x0000000084800000, 0x0000000084800000|100%| O|  |TAMS 0x0000000084700000| PB 0x0000000084700000| Untracked 
|   4|0x0000000084800000, 0x0000000084900000, 0x0000000084900000|100%| O|  |TAMS 0x0000000084800000| PB 0x0000000084800000| Untracked 
|   5|0x0000000084900000, 0x0000000084a00000, 0x0000000084a00000|100%| O|  |TAMS 0x0000000084900000| PB 0x0000000084900000| Untracked 
|   6|0x0000000084a00000, 0x0000000084b00000, 0x0000000084b00000|100%| O|  |TAMS 0x0000000084a00000| PB 0x0000000084a00000| Untracked 
|   7|0x0000000084b00000, 0x0000000084c00000, 0x0000000084c00000|100%| O|  |TAMS 0x0000000084b00000| PB 0x0000000084b00000| Untracked 
|   8|0x0000000084c00000, 0x0000000084d00000, 0x0000000084d00000|100%| O|  |TAMS 0x0000000084c00000| PB 0x0000000084c00000| Untracked 
|   9|0x0000000084d00000, 0x0000000084e00000, 0x0000000084e00000|100%| O|  |TAMS 0x0000000084d00000| PB 0x0000000084d00000| Untracked 
|  10|0x0000000084e00000, 0x0000000084f00000, 0x0000000084f00000|100%| O|  |TAMS 0x0000000084e00000| PB 0x0000000084e00000| Untracked 
|  11|0x0000000084f00000, 0x0000000085000000, 0x0000000085000000|100%| O|  |TAMS 0x0000000084f00000| PB 0x0000000084f00000| Untracked 
|  12|0x0000000085000000, 0x0000000085100000, 0x0000000085100000|100%| O|  |TAMS 0x0000000085000000| PB 0x0000000085000000| Untracked 
|  13|0x0000000085100000, 0x0000000085200000, 0x0000000085200000|100%| O|  |TAMS 0x0000000085100000| PB 0x0000000085100000| Untracked 
|  14|0x0000000085200000, 0x0000000085300000, 0x0000000085300000|100%| O|  |TAMS 0x0000000085200000| PB 0x0000000085200000| Untracked 
|  15|0x0000000085300000, 0x0000000085400000, 0x0000000085400000|100%| O|  |TAMS 0x0000000085300000| PB 0x0000000085300000| Untracked 
|  16|0x0000000085400000, 0x0000000085500000, 0x0000000085500000|100%| O|  |TAMS 0x0000000085400000| PB 0x0000000085400000| Untracked 
|  17|0x0000000085500000, 0x0000000085600000, 0x0000000085600000|100%| O|  |TAMS 0x0000000085500000| PB 0x0000000085500000| Untracked 
|  18|0x0000000085600000, 0x0000000085700000, 0x0000000085700000|100%| O|  |TAMS 0x0000000085600000| PB 0x0000000085600000| Untracked 
|  19|0x0000000085700000, 0x0000000085800000, 0x0000000085800000|100%| O|  |TAMS 0x0000000085700000| PB 0x0000000085700000| Untracked 
|  20|0x0000000085800000, 0x0000000085900000, 0x0000000085900000|100%| O|  |TAMS 0x0000000085800000| PB 0x0000000085800000| Untracked 
|  21|0x0000000085900000, 0x0000000085a00000, 0x0000000085a00000|100%| O|  |TAMS 0x0000000085900000| PB 0x0000000085900000| Untracked 
|  22|0x0000000085a00000, 0x0000000085b00000, 0x0000000085b00000|100%| O|  |TAMS 0x0000000085a00000| PB 0x0000000085a00000| Untracked 
|  23|0x0000000085b00000, 0x0000000085c00000, 0x0000000085c00000|100%| O|  |TAMS 0x0000000085b00000| PB 0x0000000085b00000| Untracked 
|  24|0x0000000085c00000, 0x0000000085d00000, 0x0000000085d00000|100%| O|  |TAMS 0x0000000085c00000| PB 0x0000000085c00000| Untracked 
|  25|0x0000000085d00000, 0x0000000085e00000, 0x0000000085e00000|100%| O|  |TAMS 0x0000000085d00000| PB 0x0000000085d00000| Untracked 
|  26|0x0000000085e00000, 0x0000000085e00000, 0x0000000085f00000|  0%| F|  |TAMS 0x0000000085e00000| PB 0x0000000085e00000| Untracked 
|  27|0x0000000085f00000, 0x0000000086000000, 0x0000000086000000|100%|HS|  |TAMS 0x0000000085f00000| PB 0x0000000085f00000| Complete 
|  28|0x0000000086000000, 0x0000000086082aa0, 0x0000000086100000| 51%| O|  |TAMS 0x0000000086000000| PB 0x0000000086000000| Untracked 
|  29|0x0000000086100000, 0x0000000086100000, 0x0000000086200000|  0%| F|  |TAMS 0x0000000086100000| PB 0x0000000086100000| Untracked 
|  30|0x0000000086200000, 0x0000000086200000, 0x0000000086300000|  0%| F|  |TAMS 0x0000000086200000| PB 0x0000000086200000| Untracked 
|  31|0x0000000086300000, 0x0000000086300000, 0x0000000086400000|  0%| F|  |TAMS 0x0000000086300000| PB 0x0000000086300000| Untracked 
|  32|0x0000000086400000, 0x0000000086400000, 0x0000000086500000|  0%| F|  |TAMS 0x0000000086400000| PB 0x0000000086400000| Untracked 
|  33|0x0000000086500000, 0x0000000086500000, 0x0000000086600000|  0%| F|  |TAMS 0x0000000086500000| PB 0x0000000086500000| Untracked 
|  34|0x0000000086600000, 0x0000000086600000, 0x0000000086700000|  0%| F|  |TAMS 0x0000000086600000| PB 0x0000000086600000| Untracked 
|  35|0x0000000086700000, 0x0000000086700000, 0x0000000086800000|  0%| F|  |TAMS 0x0000000086700000| PB 0x0000000086700000| Untracked 
|  36|0x0000000086800000, 0x0000000086800000, 0x0000000086900000|  0%| F|  |TAMS 0x0000000086800000| PB 0x0000000086800000| Untracked 
|  37|0x0000000086900000, 0x0000000086900000, 0x0000000086a00000|  0%| F|  |TAMS 0x0000000086900000| PB 0x0000000086900000| Untracked 
|  38|0x0000000086a00000, 0x0000000086a00000, 0x0000000086b00000|  0%| F|  |TAMS 0x0000000086a00000| PB 0x0000000086a00000| Untracked 
|  39|0x0000000086b00000, 0x0000000086b00000, 0x0000000086c00000|  0%| F|  |TAMS 0x0000000086b00000| PB 0x0000000086b00000| Untracked 
|  40|0x0000000086c00000, 0x0000000086c00000, 0x0000000086d00000|  0%| F|  |TAMS 0x0000000086c00000| PB 0x0000000086c00000| Untracked 
|  41|0x0000000086d00000, 0x0000000086d00000, 0x0000000086e00000|  0%| F|  |TAMS 0x0000000086d00000| PB 0x0000000086d00000| Untracked 
|  42|0x0000000086e00000, 0x0000000086e00000, 0x0000000086f00000|  0%| F|  |TAMS 0x0000000086e00000| PB 0x0000000086e00000| Untracked 
|  43|0x0000000086f00000, 0x0000000086f00000, 0x0000000087000000|  0%| F|  |TAMS 0x0000000086f00000| PB 0x0000000086f00000| Untracked 
|  44|0x0000000087000000, 0x0000000087000000, 0x0000000087100000|  0%| F|  |TAMS 0x0000000087000000| PB 0x0000000087000000| Untracked 
|  45|0x0000000087100000, 0x0000000087100000, 0x0000000087200000|  0%| F|  |TAMS 0x0000000087100000| PB 0x0000000087100000| Untracked 
|  46|0x0000000087200000, 0x0000000087200000, 0x0000000087300000|  0%| F|  |TAMS 0x0000000087200000| PB 0x0000000087200000| Untracked 
|  47|0x0000000087300000, 0x0000000087300000, 0x0000000087400000|  0%| F|  |TAMS 0x0000000087300000| PB 0x0000000087300000| Untracked 
|  48|0x0000000087400000, 0x0000000087400000, 0x0000000087500000|  0%| F|  |TAMS 0x0000000087400000| PB 0x0000000087400000| Untracked 
|  49|0x0000000087500000, 0x0000000087500000, 0x0000000087600000|  0%| F|  |TAMS 0x0000000087500000| PB 0x0000000087500000| Untracked 
|  50|0x0000000087600000, 0x0000000087600000, 0x0000000087700000|  0%| F|  |TAMS 0x0000000087600000| PB 0x0000000087600000| Untracked 
|  51|0x0000000087700000, 0x0000000087700000, 0x0000000087800000|  0%| F|  |TAMS 0x0000000087700000| PB 0x0000000087700000| Untracked 
|  52|0x0000000087800000, 0x0000000087800000, 0x0000000087900000|  0%| F|  |TAMS 0x0000000087800000| PB 0x0000000087800000| Untracked 
|  53|0x0000000087900000, 0x0000000087900000, 0x0000000087a00000|  0%| F|  |TAMS 0x0000000087900000| PB 0x0000000087900000| Untracked 
|  54|0x0000000087a00000, 0x0000000087a00000, 0x0000000087b00000|  0%| F|  |TAMS 0x0000000087a00000| PB 0x0000000087a00000| Untracked 
|  55|0x0000000087b00000, 0x0000000087b00000, 0x0000000087c00000|  0%| F|  |TAMS 0x0000000087b00000| PB 0x0000000087b00000| Untracked 
|  56|0x0000000087c00000, 0x0000000087c00000, 0x0000000087d00000|  0%| F|  |TAMS 0x0000000087c00000| PB 0x0000000087c00000| Untracked 
|  57|0x0000000087d00000, 0x0000000087d00000, 0x0000000087e00000|  0%| F|  |TAMS 0x0000000087d00000| PB 0x0000000087d00000| Untracked 
|  58|0x0000000087e00000, 0x0000000087e00000, 0x0000000087f00000|  0%| F|  |TAMS 0x0000000087e00000| PB 0x0000000087e00000| Untracked 
|  59|0x0000000087f00000, 0x0000000087f00000, 0x0000000088000000|  0%| F|  |TAMS 0x0000000087f00000| PB 0x0000000087f00000| Untracked 
|  60|0x0000000088000000, 0x0000000088000000, 0x0000000088100000|  0%| F|  |TAMS 0x0000000088000000| PB 0x0000000088000000| Untracked 
|  61|0x0000000088100000, 0x0000000088100000, 0x0000000088200000|  0%| F|  |TAMS 0x0000000088100000| PB 0x0000000088100000| Untracked 
|  62|0x0000000088200000, 0x0000000088200000, 0x0000000088300000|  0%| F|  |TAMS 0x0000000088200000| PB 0x0000000088200000| Untracked 
|  63|0x0000000088300000, 0x0000000088300000, 0x0000000088400000|  0%| F|  |TAMS 0x0000000088300000| PB 0x0000000088300000| Untracked 
|  64|0x0000000088400000, 0x0000000088400000, 0x0000000088500000|  0%| F|  |TAMS 0x0000000088400000| PB 0x0000000088400000| Untracked 
|  65|0x0000000088500000, 0x0000000088500000, 0x0000000088600000|  0%| F|  |TAMS 0x0000000088500000| PB 0x0000000088500000| Untracked 
|  66|0x0000000088600000, 0x0000000088600000, 0x0000000088700000|  0%| F|  |TAMS 0x0000000088600000| PB 0x0000000088600000| Untracked 
|  67|0x0000000088700000, 0x0000000088700000, 0x0000000088800000|  0%| F|  |TAMS 0x0000000088700000| PB 0x0000000088700000| Untracked 
|  68|0x0000000088800000, 0x0000000088800000, 0x0000000088900000|  0%| F|  |TAMS 0x0000000088800000| PB 0x0000000088800000| Untracked 
|  69|0x0000000088900000, 0x0000000088900000, 0x0000000088a00000|  0%| F|  |TAMS 0x0000000088900000| PB 0x0000000088900000| Untracked 
|  70|0x0000000088a00000, 0x0000000088a00000, 0x0000000088b00000|  0%| F|  |TAMS 0x0000000088a00000| PB 0x0000000088a00000| Untracked 
|  71|0x0000000088b00000, 0x0000000088b00000, 0x0000000088c00000|  0%| F|  |TAMS 0x0000000088b00000| PB 0x0000000088b00000| Untracked 
|  72|0x0000000088c00000, 0x0000000088c00000, 0x0000000088d00000|  0%| F|  |TAMS 0x0000000088c00000| PB 0x0000000088c00000| Untracked 
|  73|0x0000000088d00000, 0x0000000088d00000, 0x0000000088e00000|  0%| F|  |TAMS 0x0000000088d00000| PB 0x0000000088d00000| Untracked 
|  74|0x0000000088e00000, 0x0000000088e00000, 0x0000000088f00000|  0%| F|  |TAMS 0x0000000088e00000| PB 0x0000000088e00000| Untracked 
|  75|0x0000000088f00000, 0x0000000088f00000, 0x0000000089000000|  0%| F|  |TAMS 0x0000000088f00000| PB 0x0000000088f00000| Untracked 
|  76|0x0000000089000000, 0x0000000089000000, 0x0000000089100000|  0%| F|  |TAMS 0x0000000089000000| PB 0x0000000089000000| Untracked 
|  77|0x0000000089100000, 0x0000000089100000, 0x0000000089200000|  0%| F|  |TAMS 0x0000000089100000| PB 0x0000000089100000| Untracked 
|  78|0x0000000089200000, 0x0000000089200000, 0x0000000089300000|  0%| F|  |TAMS 0x0000000089200000| PB 0x0000000089200000| Untracked 
|  79|0x0000000089300000, 0x0000000089300000, 0x0000000089400000|  0%| F|  |TAMS 0x0000000089300000| PB 0x0000000089300000| Untracked 
|  80|0x0000000089400000, 0x0000000089400000, 0x0000000089500000|  0%| F|  |TAMS 0x0000000089400000| PB 0x0000000089400000| Untracked 
|  81|0x0000000089500000, 0x0000000089500000, 0x0000000089600000|  0%| F|  |TAMS 0x0000000089500000| PB 0x0000000089500000| Untracked 
|  82|0x0000000089600000, 0x0000000089600000, 0x0000000089700000|  0%| F|  |TAMS 0x0000000089600000| PB 0x0000000089600000| Untracked 
|  83|0x0000000089700000, 0x0000000089700000, 0x0000000089800000|  0%| F|  |TAMS 0x0000000089700000| PB 0x0000000089700000| Untracked 
|  84|0x0000000089800000, 0x0000000089800000, 0x0000000089900000|  0%| F|  |TAMS 0x0000000089800000| PB 0x0000000089800000| Untracked 
|  85|0x0000000089900000, 0x0000000089900000, 0x0000000089a00000|  0%| F|  |TAMS 0x0000000089900000| PB 0x0000000089900000| Untracked 
|  86|0x0000000089a00000, 0x0000000089a00000, 0x0000000089b00000|  0%| F|  |TAMS 0x0000000089a00000| PB 0x0000000089a00000| Untracked 
|  87|0x0000000089b00000, 0x0000000089b00000, 0x0000000089c00000|  0%| F|  |TAMS 0x0000000089b00000| PB 0x0000000089b00000| Untracked 
|  88|0x0000000089c00000, 0x0000000089c00000, 0x0000000089d00000|  0%| F|  |TAMS 0x0000000089c00000| PB 0x0000000089c00000| Untracked 
|  89|0x0000000089d00000, 0x0000000089d00000, 0x0000000089e00000|  0%| F|  |TAMS 0x0000000089d00000| PB 0x0000000089d00000| Untracked 
|  90|0x0000000089e00000, 0x0000000089e00000, 0x0000000089f00000|  0%| F|  |TAMS 0x0000000089e00000| PB 0x0000000089e00000| Untracked 
|  91|0x0000000089f00000, 0x0000000089f00000, 0x000000008a000000|  0%| F|  |TAMS 0x0000000089f00000| PB 0x0000000089f00000| Untracked 
|  92|0x000000008a000000, 0x000000008a000000, 0x000000008a100000|  0%| F|  |TAMS 0x000000008a000000| PB 0x000000008a000000| Untracked 
|  93|0x000000008a100000, 0x000000008a100000, 0x000000008a200000|  0%| F|  |TAMS 0x000000008a100000| PB 0x000000008a100000| Untracked 
|  94|0x000000008a200000, 0x000000008a200000, 0x000000008a300000|  0%| F|  |TAMS 0x000000008a200000| PB 0x000000008a200000| Untracked 
|  95|0x000000008a300000, 0x000000008a300000, 0x000000008a400000|  0%| F|  |TAMS 0x000000008a300000| PB 0x000000008a300000| Untracked 
|  96|0x000000008a400000, 0x000000008a400000, 0x000000008a500000|  0%| F|  |TAMS 0x000000008a400000| PB 0x000000008a400000| Untracked 
|  97|0x000000008a500000, 0x000000008a500000, 0x000000008a600000|  0%| F|  |TAMS 0x000000008a500000| PB 0x000000008a500000| Untracked 
|  98|0x000000008a600000, 0x000000008a600000, 0x000000008a700000|  0%| F|  |TAMS 0x000000008a600000| PB 0x000000008a600000| Untracked 
|  99|0x000000008a700000, 0x000000008a700000, 0x000000008a800000|  0%| F|  |TAMS 0x000000008a700000| PB 0x000000008a700000| Untracked 
| 100|0x000000008a800000, 0x000000008a800000, 0x000000008a900000|  0%| F|  |TAMS 0x000000008a800000| PB 0x000000008a800000| Untracked 
| 101|0x000000008a900000, 0x000000008a900000, 0x000000008aa00000|  0%| F|  |TAMS 0x000000008a900000| PB 0x000000008a900000| Untracked 
| 102|0x000000008aa00000, 0x000000008aa00000, 0x000000008ab00000|  0%| F|  |TAMS 0x000000008aa00000| PB 0x000000008aa00000| Untracked 
| 103|0x000000008ab00000, 0x000000008ab00000, 0x000000008ac00000|  0%| F|  |TAMS 0x000000008ab00000| PB 0x000000008ab00000| Untracked 
| 104|0x000000008ac00000, 0x000000008ac00000, 0x000000008ad00000|  0%| F|  |TAMS 0x000000008ac00000| PB 0x000000008ac00000| Untracked 
| 105|0x000000008ad00000, 0x000000008ad00000, 0x000000008ae00000|  0%| F|  |TAMS 0x000000008ad00000| PB 0x000000008ad00000| Untracked 
| 106|0x000000008ae00000, 0x000000008ae00000, 0x000000008af00000|  0%| F|  |TAMS 0x000000008ae00000| PB 0x000000008ae00000| Untracked 
| 107|0x000000008af00000, 0x000000008af00000, 0x000000008b000000|  0%| F|  |TAMS 0x000000008af00000| PB 0x000000008af00000| Untracked 
| 108|0x000000008b000000, 0x000000008b000000, 0x000000008b100000|  0%| F|  |TAMS 0x000000008b000000| PB 0x000000008b000000| Untracked 
| 109|0x000000008b100000, 0x000000008b100000, 0x000000008b200000|  0%| F|  |TAMS 0x000000008b100000| PB 0x000000008b100000| Untracked 
| 110|0x000000008b200000, 0x000000008b200000, 0x000000008b300000|  0%| F|  |TAMS 0x000000008b200000| PB 0x000000008b200000| Untracked 
| 111|0x000000008b300000, 0x000000008b300000, 0x000000008b400000|  0%| F|  |TAMS 0x000000008b300000| PB 0x000000008b300000| Untracked 
| 112|0x000000008b400000, 0x000000008b400000, 0x000000008b500000|  0%| F|  |TAMS 0x000000008b400000| PB 0x000000008b400000| Untracked 
| 113|0x000000008b500000, 0x000000008b500000, 0x000000008b600000|  0%| F|  |TAMS 0x000000008b500000| PB 0x000000008b500000| Untracked 
| 114|0x000000008b600000, 0x000000008b600000, 0x000000008b700000|  0%| F|  |TAMS 0x000000008b600000| PB 0x000000008b600000| Untracked 
| 115|0x000000008b700000, 0x000000008b700000, 0x000000008b800000|  0%| F|  |TAMS 0x000000008b700000| PB 0x000000008b700000| Untracked 
| 116|0x000000008b800000, 0x000000008b800000, 0x000000008b900000|  0%| F|  |TAMS 0x000000008b800000| PB 0x000000008b800000| Untracked 
| 117|0x000000008b900000, 0x000000008b900000, 0x000000008ba00000|  0%| F|  |TAMS 0x000000008b900000| PB 0x000000008b900000| Untracked 
| 118|0x000000008ba00000, 0x000000008ba00000, 0x000000008bb00000|  0%| F|  |TAMS 0x000000008ba00000| PB 0x000000008ba00000| Untracked 
| 119|0x000000008bb00000, 0x000000008bb00000, 0x000000008bc00000|  0%| F|  |TAMS 0x000000008bb00000| PB 0x000000008bb00000| Untracked 
| 120|0x000000008bc00000, 0x000000008bc00000, 0x000000008bd00000|  0%| F|  |TAMS 0x000000008bc00000| PB 0x000000008bc00000| Untracked 
| 121|0x000000008bd00000, 0x000000008bd00000, 0x000000008be00000|  0%| F|  |TAMS 0x000000008bd00000| PB 0x000000008bd00000| Untracked 
| 122|0x000000008be00000, 0x000000008be00000, 0x000000008bf00000|  0%| F|  |TAMS 0x000000008be00000| PB 0x000000008be00000| Untracked 
| 123|0x000000008bf00000, 0x000000008bf00000, 0x000000008c000000|  0%| F|  |TAMS 0x000000008bf00000| PB 0x000000008bf00000| Untracked 
| 124|0x000000008c000000, 0x000000008c000000, 0x000000008c100000|  0%| F|  |TAMS 0x000000008c000000| PB 0x000000008c000000| Untracked 
| 125|0x000000008c100000, 0x000000008c100000, 0x000000008c200000|  0%| F|  |TAMS 0x000000008c100000| PB 0x000000008c100000| Untracked 
| 126|0x000000008c200000, 0x000000008c200000, 0x000000008c300000|  0%| F|  |TAMS 0x000000008c200000| PB 0x000000008c200000| Untracked 
| 127|0x000000008c300000, 0x000000008c300000, 0x000000008c400000|  0%| F|  |TAMS 0x000000008c300000| PB 0x000000008c300000| Untracked 
| 128|0x000000008c400000, 0x000000008c400000, 0x000000008c500000|  0%| F|  |TAMS 0x000000008c400000| PB 0x000000008c400000| Untracked 
| 129|0x000000008c500000, 0x000000008c500000, 0x000000008c600000|  0%| F|  |TAMS 0x000000008c500000| PB 0x000000008c500000| Untracked 
| 130|0x000000008c600000, 0x000000008c600000, 0x000000008c700000|  0%| F|  |TAMS 0x000000008c600000| PB 0x000000008c600000| Untracked 
| 131|0x000000008c700000, 0x000000008c700000, 0x000000008c800000|  0%| F|  |TAMS 0x000000008c700000| PB 0x000000008c700000| Untracked 
| 132|0x000000008c800000, 0x000000008c800000, 0x000000008c900000|  0%| F|  |TAMS 0x000000008c800000| PB 0x000000008c800000| Untracked 
| 133|0x000000008c900000, 0x000000008c900000, 0x000000008ca00000|  0%| F|  |TAMS 0x000000008c900000| PB 0x000000008c900000| Untracked 
| 134|0x000000008ca00000, 0x000000008ca00000, 0x000000008cb00000|  0%| F|  |TAMS 0x000000008ca00000| PB 0x000000008ca00000| Untracked 
| 135|0x000000008cb00000, 0x000000008cb00000, 0x000000008cc00000|  0%| F|  |TAMS 0x000000008cb00000| PB 0x000000008cb00000| Untracked 
| 136|0x000000008cc00000, 0x000000008cc00000, 0x000000008cd00000|  0%| F|  |TAMS 0x000000008cc00000| PB 0x000000008cc00000| Untracked 
| 137|0x000000008cd00000, 0x000000008cd00000, 0x000000008ce00000|  0%| F|  |TAMS 0x000000008cd00000| PB 0x000000008cd00000| Untracked 
| 138|0x000000008ce00000, 0x000000008ce00000, 0x000000008cf00000|  0%| F|  |TAMS 0x000000008ce00000| PB 0x000000008ce00000| Untracked 
| 139|0x000000008cf00000, 0x000000008cf00000, 0x000000008d000000|  0%| F|  |TAMS 0x000000008cf00000| PB 0x000000008cf00000| Untracked 
| 140|0x000000008d000000, 0x000000008d000000, 0x000000008d100000|  0%| F|  |TAMS 0x000000008d000000| PB 0x000000008d000000| Untracked 
| 141|0x000000008d100000, 0x000000008d100000, 0x000000008d200000|  0%| F|  |TAMS 0x000000008d100000| PB 0x000000008d100000| Untracked 
| 142|0x000000008d200000, 0x000000008d200000, 0x000000008d300000|  0%| F|  |TAMS 0x000000008d200000| PB 0x000000008d200000| Untracked 
| 143|0x000000008d300000, 0x000000008d300000, 0x000000008d400000|  0%| F|  |TAMS 0x000000008d300000| PB 0x000000008d300000| Untracked 
| 144|0x000000008d400000, 0x000000008d400000, 0x000000008d500000|  0%| F|  |TAMS 0x000000008d400000| PB 0x000000008d400000| Untracked 
| 145|0x000000008d500000, 0x000000008d500000, 0x000000008d600000|  0%| F|  |TAMS 0x000000008d500000| PB 0x000000008d500000| Untracked 
| 146|0x000000008d600000, 0x000000008d600000, 0x000000008d700000|  0%| F|  |TAMS 0x000000008d600000| PB 0x000000008d600000| Untracked 
| 147|0x000000008d700000, 0x000000008d700000, 0x000000008d800000|  0%| F|  |TAMS 0x000000008d700000| PB 0x000000008d700000| Untracked 
| 148|0x000000008d800000, 0x000000008d800000, 0x000000008d900000|  0%| F|  |TAMS 0x000000008d800000| PB 0x000000008d800000| Untracked 
| 149|0x000000008d900000, 0x000000008d900000, 0x000000008da00000|  0%| F|  |TAMS 0x000000008d900000| PB 0x000000008d900000| Untracked 
| 150|0x000000008da00000, 0x000000008da00000, 0x000000008db00000|  0%| F|  |TAMS 0x000000008da00000| PB 0x000000008da00000| Untracked 
| 151|0x000000008db00000, 0x000000008db00000, 0x000000008dc00000|  0%| F|  |TAMS 0x000000008db00000| PB 0x000000008db00000| Untracked 
| 152|0x000000008dc00000, 0x000000008dc00000, 0x000000008dd00000|  0%| F|  |TAMS 0x000000008dc00000| PB 0x000000008dc00000| Untracked 
| 153|0x000000008dd00000, 0x000000008dd00000, 0x000000008de00000|  0%| F|  |TAMS 0x000000008dd00000| PB 0x000000008dd00000| Untracked 
| 154|0x000000008de00000, 0x000000008de00000, 0x000000008df00000|  0%| F|  |TAMS 0x000000008de00000| PB 0x000000008de00000| Untracked 
| 155|0x000000008df00000, 0x000000008df00000, 0x000000008e000000|  0%| F|  |TAMS 0x000000008df00000| PB 0x000000008df00000| Untracked 
| 156|0x000000008e000000, 0x000000008e000000, 0x000000008e100000|  0%| F|  |TAMS 0x000000008e000000| PB 0x000000008e000000| Untracked 
| 157|0x000000008e100000, 0x000000008e100000, 0x000000008e200000|  0%| F|  |TAMS 0x000000008e100000| PB 0x000000008e100000| Untracked 
| 158|0x000000008e200000, 0x000000008e200000, 0x000000008e300000|  0%| F|  |TAMS 0x000000008e200000| PB 0x000000008e200000| Untracked 
| 159|0x000000008e300000, 0x000000008e300000, 0x000000008e400000|  0%| F|  |TAMS 0x000000008e300000| PB 0x000000008e300000| Untracked 
| 160|0x000000008e400000, 0x000000008e400000, 0x000000008e500000|  0%| F|  |TAMS 0x000000008e400000| PB 0x000000008e400000| Untracked 
| 161|0x000000008e500000, 0x000000008e500000, 0x000000008e600000|  0%| F|  |TAMS 0x000000008e500000| PB 0x000000008e500000| Untracked 
| 162|0x000000008e600000, 0x000000008e600000, 0x000000008e700000|  0%| F|  |TAMS 0x000000008e600000| PB 0x000000008e600000| Untracked 
| 163|0x000000008e700000, 0x000000008e700000, 0x000000008e800000|  0%| F|  |TAMS 0x000000008e700000| PB 0x000000008e700000| Untracked 
| 164|0x000000008e800000, 0x000000008e800000, 0x000000008e900000|  0%| F|  |TAMS 0x000000008e800000| PB 0x000000008e800000| Untracked 
| 165|0x000000008e900000, 0x000000008e900000, 0x000000008ea00000|  0%| F|  |TAMS 0x000000008e900000| PB 0x000000008e900000| Untracked 
| 166|0x000000008ea00000, 0x000000008ea00000, 0x000000008eb00000|  0%| F|  |TAMS 0x000000008ea00000| PB 0x000000008ea00000| Untracked 
| 167|0x000000008eb00000, 0x000000008eb00000, 0x000000008ec00000|  0%| F|  |TAMS 0x000000008eb00000| PB 0x000000008eb00000| Untracked 
| 168|0x000000008ec00000, 0x000000008ec00000, 0x000000008ed00000|  0%| F|  |TAMS 0x000000008ec00000| PB 0x000000008ec00000| Untracked 
| 169|0x000000008ed00000, 0x000000008ed00000, 0x000000008ee00000|  0%| F|  |TAMS 0x000000008ed00000| PB 0x000000008ed00000| Untracked 
| 170|0x000000008ee00000, 0x000000008ee00000, 0x000000008ef00000|  0%| F|  |TAMS 0x000000008ee00000| PB 0x000000008ee00000| Untracked 
| 171|0x000000008ef00000, 0x000000008efa2120, 0x000000008f000000| 63%| S|CS|TAMS 0x000000008ef00000| PB 0x000000008ef00000| Complete 
| 172|0x000000008f000000, 0x000000008f000000, 0x000000008f100000|  0%| F|  |TAMS 0x000000008f000000| PB 0x000000008f000000| Untracked 
| 173|0x000000008f100000, 0x000000008f100000, 0x000000008f200000|  0%| F|  |TAMS 0x000000008f100000| PB 0x000000008f100000| Untracked 
| 174|0x000000008f200000, 0x000000008f300000, 0x000000008f300000|100%| S|CS|TAMS 0x000000008f200000| PB 0x000000008f200000| Complete 
| 175|0x000000008f300000, 0x000000008f300000, 0x000000008f400000|  0%| F|  |TAMS 0x000000008f300000| PB 0x000000008f300000| Untracked 
| 176|0x000000008f400000, 0x000000008f400000, 0x000000008f500000|  0%| F|  |TAMS 0x000000008f400000| PB 0x000000008f400000| Untracked 
| 177|0x000000008f500000, 0x000000008f500000, 0x000000008f600000|  0%| F|  |TAMS 0x000000008f500000| PB 0x000000008f500000| Untracked 
| 178|0x000000008f600000, 0x000000008f600000, 0x000000008f700000|  0%| F|  |TAMS 0x000000008f600000| PB 0x000000008f600000| Untracked 
| 179|0x000000008f700000, 0x000000008f700000, 0x000000008f800000|  0%| F|  |TAMS 0x000000008f700000| PB 0x000000008f700000| Untracked 
| 180|0x000000008f800000, 0x000000008f800000, 0x000000008f900000|  0%| F|  |TAMS 0x000000008f800000| PB 0x000000008f800000| Untracked 
| 181|0x000000008f900000, 0x000000008f900000, 0x000000008fa00000|  0%| F|  |TAMS 0x000000008f900000| PB 0x000000008f900000| Untracked 

Card table byte_map: [0x000001e852890000,0x000001e852c70000] _byte_map_base: 0x000001e85246e000

Marking Bits: (CMBitMap*) 0x000001e846d685f0
 Bits: [0x000001e852c70000, 0x000001e854b60000)

Polling page: 0x000001e844bc0000

Metaspace:

Usage:
  Non-class:     27.19 MB used.
      Class:      4.29 MB used.
       Both:     31.47 MB used.

Virtual space:
  Non-class space:       64.00 MB reserved,      27.44 MB ( 43%) committed,  1 nodes.
      Class space:        1.00 GB reserved,       4.50 MB ( <1%) committed,  1 nodes.
             Both:        1.06 GB reserved,      31.94 MB (  3%) committed. 

Chunk freelists:
   Non-Class:  4.14 MB
       Class:  11.55 MB
        Both:  15.68 MB

MaxMetaspaceSize: unlimited
CompressedClassSpaceSize: 1.00 GB
Initial GC threshold: 21.00 MB
Current GC threshold: 34.62 MB
CDS: on
 - commit_granule_bytes: 65536.
 - commit_granule_words: 8192.
 - virtual_space_node_default_size: 8388608.
 - enlarge_chunks_in_place: 1.
 - use_allocation_guard: 0.


Internal statistics:

num_allocs_failed_limit: 0.
num_arena_births: 596.
num_arena_deaths: 0.
num_vsnodes_births: 2.
num_vsnodes_deaths: 0.
num_space_committed: 511.
num_space_uncommitted: 0.
num_chunks_returned_to_freelist: 0.
num_chunks_taken_from_freelist: 1780.
num_chunk_merges: 0.
num_chunk_splits: 1214.
num_chunks_enlarged: 880.
num_inconsistent_stats: 0.

CodeCache: size=49152Kb used=9367Kb max_used=9367Kb free=39785Kb
 bounds [0x000001e84f180000, 0x000001e84fab0000, 0x000001e852180000]
 total_blobs=5187 nmethods=4655 adapters=455
 compilation: enabled
              stopped_count=0, restarted_count=0
 full_count=0

Compilation events (20 events):
Event: 6.412 Thread 0x000001e85d56cc70 nmethod 4646 0x000001e84faa2590 code [0x000001e84faa2780, 0x000001e84faa2bc8]
Event: 6.413 Thread 0x000001e856f761c0 nmethod 4645 0x000001e84faa2e90 code [0x000001e84faa30c0, 0x000001e84faa3740]
Event: 6.414 Thread 0x000001e856f761c0 4647       1       sun.security.util.ObjectIdentifier::hashCode (8 bytes)
Event: 6.414 Thread 0x000001e856f761c0 nmethod 4647 0x000001e84faa3b10 code [0x000001e84faa3ca0, 0x000001e84faa3d80]
Event: 6.415 Thread 0x000001e856f761c0 4648       1       java.math.SignedMutableBigInteger::signedAdd (34 bytes)
Event: 6.415 Thread 0x000001e85d56cc70 4649       1       java.math.MutableBigInteger::divWord (108 bytes)
Event: 6.415 Thread 0x000001e856f761c0 nmethod 4648 0x000001e84faa3e10 code [0x000001e84faa3fc0, 0x000001e84faa4120]
Event: 6.415 Thread 0x000001e85d56cc70 nmethod 4649 0x000001e84faa4210 code [0x000001e84faa43a0, 0x000001e84faa4588]
Event: 6.424 Thread 0x000001e85d56cc70 4650       1       java.util.regex.ASCII::toLower (16 bytes)
Event: 6.424 Thread 0x000001e856f761c0 4651       1       java.util.regex.ASCII::isUpper (18 bytes)
Event: 6.425 Thread 0x000001e856f761c0 nmethod 4651 0x000001e84faa4690 code [0x000001e84faa4820, 0x000001e84faa48e8]
Event: 6.425 Thread 0x000001e85d56cc70 nmethod 4650 0x000001e84faa4990 code [0x000001e84faa4b20, 0x000001e84faa4bf8]
Event: 6.425 Thread 0x000001e856f761c0 4652       1       java.util.ImmutableCollections$MapN$MapNIterator::nextIndex (56 bytes)
Event: 6.425 Thread 0x000001e85d56cc70 4654       1       java.util.regex.Pattern$SliceI::match (96 bytes)
Event: 6.425 Thread 0x000001e856f761c0 nmethod 4652 0x000001e84faa4c90 code [0x000001e84faa4e20, 0x000001e84faa4f10]
Event: 6.425 Thread 0x000001e856f761c0 4653       1       sun.security.util.KnownOIDs::stdName (5 bytes)
Event: 6.425 Thread 0x000001e856f761c0 nmethod 4653 0x000001e84faa5010 code [0x000001e84faa51a0, 0x000001e84faa5268]
Event: 6.425 Thread 0x000001e85d56cc70 nmethod 4654 0x000001e84faa5310 code [0x000001e84faa54e0, 0x000001e84faa5760]
Event: 6.431 Thread 0x000001e85d56cc70 4655       1       java.util.jar.Attributes::<init> (7 bytes)
Event: 6.431 Thread 0x000001e85d56cc70 nmethod 4655 0x000001e84faa5890 code [0x000001e84faa5a20, 0x000001e84faa5b58]

GC Heap History (20 events):
Event: 1.861 GC heap after
{Heap after GC invocations=3 (full 0):
 garbage-first heap   total 126976K, used 17778K [0x0000000084400000, 0x0000000100000000)
  region size 1024K, 8 young (8192K), 8 survivors (8192K)
 Metaspace       used 19162K, committed 19584K, reserved 1114112K
  class space    used 2634K, committed 2816K, reserved 1048576K
}
Event: 2.193 GC heap before
{Heap before GC invocations=3 (full 0):
 garbage-first heap   total 126976K, used 33138K [0x0000000084400000, 0x0000000100000000)
  region size 1024K, 25 young (25600K), 8 survivors (8192K)
 Metaspace       used 20896K, committed 21248K, reserved 1114112K
  class space    used 2858K, committed 3008K, reserved 1048576K
}
Event: 2.200 GC heap after
{Heap after GC invocations=4 (full 0):
 garbage-first heap   total 126976K, used 19777K [0x0000000084400000, 0x0000000100000000)
  region size 1024K, 3 young (3072K), 3 survivors (3072K)
 Metaspace       used 20896K, committed 21248K, reserved 1114112K
  class space    used 2858K, committed 3008K, reserved 1048576K
}
Event: 3.239 GC heap before
{Heap before GC invocations=5 (full 0):
 garbage-first heap   total 75776K, used 74049K [0x0000000084400000, 0x0000000100000000)
  region size 1024K, 56 young (57344K), 3 survivors (3072K)
 Metaspace       used 25298K, committed 25728K, reserved 1114112K
  class space    used 3449K, committed 3648K, reserved 1048576K
}
Event: 4.248 GC heap after
{Heap after GC invocations=6 (full 0):
 garbage-first heap   total 80896K, used 22678K [0x0000000084400000, 0x0000000100000000)
  region size 1024K, 5 young (5120K), 5 survivors (5120K)
 Metaspace       used 25298K, committed 25728K, reserved 1114112K
  class space    used 3449K, committed 3648K, reserved 1048576K
}
Event: 4.267 GC heap before
{Heap before GC invocations=6 (full 0):
 garbage-first heap   total 80896K, used 23702K [0x0000000084400000, 0x0000000100000000)
  region size 1024K, 6 young (6144K), 5 survivors (5120K)
 Metaspace       used 25342K, committed 25728K, reserved 1114112K
  class space    used 3459K, committed 3648K, reserved 1048576K
}
Event: 4.271 GC heap after
{Heap after GC invocations=7 (full 0):
 garbage-first heap   total 80896K, used 23246K [0x0000000084400000, 0x0000000100000000)
  region size 1024K, 1 young (1024K), 1 survivors (1024K)
 Metaspace       used 25342K, committed 25728K, reserved 1114112K
  class space    used 3459K, committed 3648K, reserved 1048576K
}
Event: 4.451 GC heap before
{Heap before GC invocations=7 (full 0):
 garbage-first heap   total 80896K, used 30414K [0x0000000084400000, 0x0000000100000000)
  region size 1024K, 9 young (9216K), 1 survivors (1024K)
 Metaspace       used 26542K, committed 27008K, reserved 1114112K
  class space    used 3624K, committed 3840K, reserved 1048576K
}
Event: 5.454 GC heap after
{Heap after GC invocations=8 (full 0):
 garbage-first heap   total 186368K, used 23134K [0x0000000084400000, 0x0000000100000000)
  region size 1024K, 1 young (1024K), 1 survivors (1024K)
 Metaspace       used 26542K, committed 27008K, reserved 1114112K
  class space    used 3624K, committed 3840K, reserved 1048576K
}
Event: 5.594 GC heap before
{Heap before GC invocations=8 (full 0):
 garbage-first heap   total 186368K, used 31326K [0x0000000084400000, 0x0000000100000000)
  region size 1024K, 9 young (9216K), 1 survivors (1024K)
 Metaspace       used 27150K, committed 27584K, reserved 1114112K
  class space    used 3708K, committed 3904K, reserved 1048576K
}
Event: 5.597 GC heap after
{Heap after GC invocations=9 (full 0):
 garbage-first heap   total 186368K, used 23865K [0x0000000084400000, 0x0000000100000000)
  region size 1024K, 2 young (2048K), 2 survivors (2048K)
 Metaspace       used 27150K, committed 27584K, reserved 1114112K
  class space    used 3708K, committed 3904K, reserved 1048576K
}
Event: 5.826 GC heap before
{Heap before GC invocations=9 (full 0):
 garbage-first heap   total 186368K, used 31033K [0x0000000084400000, 0x0000000100000000)
  region size 1024K, 9 young (9216K), 2 survivors (2048K)
 Metaspace       used 28411K, committed 28928K, reserved 1114112K
  class space    used 3914K, committed 4160K, reserved 1048576K
}
Event: 5.829 GC heap after
{Heap after GC invocations=10 (full 0):
 garbage-first heap   total 186368K, used 24788K [0x0000000084400000, 0x0000000100000000)
  region size 1024K, 2 young (2048K), 2 survivors (2048K)
 Metaspace       used 28411K, committed 28928K, reserved 1114112K
  class space    used 3914K, committed 4160K, reserved 1048576K
}
Event: 5.999 GC heap before
{Heap before GC invocations=10 (full 0):
 garbage-first heap   total 186368K, used 30932K [0x0000000084400000, 0x0000000100000000)
  region size 1024K, 9 young (9216K), 2 survivors (2048K)
 Metaspace       used 29319K, committed 29760K, reserved 1114112K
  class space    used 4072K, committed 4288K, reserved 1048576K
}
Event: 6.002 GC heap after
{Heap after GC invocations=11 (full 0):
 garbage-first heap   total 186368K, used 25509K [0x0000000084400000, 0x0000000100000000)
  region size 1024K, 2 young (2048K), 2 survivors (2048K)
 Metaspace       used 29319K, committed 29760K, reserved 1114112K
  class space    used 4072K, committed 4288K, reserved 1048576K
}
Event: 6.248 GC heap before
{Heap before GC invocations=11 (full 0):
 garbage-first heap   total 186368K, used 32677K [0x0000000084400000, 0x0000000100000000)
  region size 1024K, 9 young (9216K), 2 survivors (2048K)
 Metaspace       used 30535K, committed 31040K, reserved 1114112K
  class space    used 4215K, committed 4480K, reserved 1048576K
}
Event: 6.250 GC heap after
{Heap after GC invocations=12 (full 0):
 garbage-first heap   total 186368K, used 26146K [0x0000000084400000, 0x0000000100000000)
  region size 1024K, 2 young (2048K), 2 survivors (2048K)
 Metaspace       used 30535K, committed 31040K, reserved 1114112K
  class space    used 4215K, committed 4480K, reserved 1048576K
}
Event: 6.358 GC heap before
{Heap before GC invocations=12 (full 0):
 garbage-first heap   total 186368K, used 33314K [0x0000000084400000, 0x0000000100000000)
  region size 1024K, 9 young (9216K), 2 survivors (2048K)
 Metaspace       used 31757K, committed 32320K, reserved 1114112K
  class space    used 4338K, committed 4608K, reserved 1048576K
}
Event: 6.360 GC heap after
{Heap after GC invocations=13 (full 0):
 garbage-first heap   total 186368K, used 27700K [0x0000000084400000, 0x0000000100000000)
  region size 1024K, 2 young (2048K), 2 survivors (2048K)
 Metaspace       used 31757K, committed 32320K, reserved 1114112K
  class space    used 4338K, committed 4608K, reserved 1048576K
}
Event: 6.434 GC heap before
{Heap before GC invocations=13 (full 0):
 garbage-first heap   total 186368K, used 35892K [0x0000000084400000, 0x0000000100000000)
  region size 1024K, 9 young (9216K), 2 survivors (2048K)
 Metaspace       used 32230K, committed 32704K, reserved 1114112K
  class space    used 4389K, committed 4608K, reserved 1048576K
}

Dll operation events (9 events):
Event: 0.011 Loaded shared library C:\Program Files\Java\jdk-21\bin\java.dll
Event: 0.123 Loaded shared library C:\Program Files\Java\jdk-21\bin\net.dll
Event: 0.124 Loaded shared library C:\Program Files\Java\jdk-21\bin\nio.dll
Event: 0.127 Loaded shared library C:\Program Files\Java\jdk-21\bin\zip.dll
Event: 0.249 Loaded shared library C:\Program Files\Java\jdk-21\bin\verify.dll
Event: 0.262 Loaded shared library C:\Program Files\Java\jdk-21\bin\jimage.dll
Event: 0.551 Loaded shared library C:\Program Files\Java\jdk-21\bin\management.dll
Event: 0.557 Loaded shared library C:\Program Files\Java\jdk-21\bin\management_ext.dll
Event: 1.763 Loaded shared library C:\Program Files\Java\jdk-21\bin\sunmscapi.dll

Deoptimization events (0 events):
No events

Classes loaded (20 events):
Event: 6.386 Loading class java/security/cert/CertPathValidatorException
Event: 6.386 Loading class java/security/cert/CertPathValidatorException done
Event: 6.386 Loading class java/time/Instant$1
Event: 6.387 Loading class java/time/Instant$1 done
Event: 6.387 Loading class java/security/cert/CertPathValidatorException$BasicReason
Event: 6.387 Loading class java/security/cert/CertPathValidatorException$Reason
Event: 6.387 Loading class java/security/cert/CertPathValidatorException$Reason done
Event: 6.387 Loading class java/security/cert/CertPathValidatorException$BasicReason done
Event: 6.387 Loading class java/security/SignatureException
Event: 6.387 Loading class java/security/SignatureException done
Event: 6.389 Loading class sun/security/provider/DSA$SHA256withDSA
Event: 6.389 Loading class sun/security/provider/DSA$SHA256withDSA done
Event: 6.403 Loading class java/util/Base64
Event: 6.403 Loading class java/util/Base64 done
Event: 6.403 Loading class java/util/Base64$Decoder
Event: 6.404 Loading class java/util/Base64$Decoder done
Event: 6.404 Loading class java/util/Base64$Encoder
Event: 6.404 Loading class java/util/Base64$Encoder done
Event: 6.405 Loading class java/util/jar/JarVerifier$VerifierStream
Event: 6.405 Loading class java/util/jar/JarVerifier$VerifierStream done

Classes unloaded (0 events):
No events

Classes redefined (0 events):
No events

Internal exceptions (20 events):
Event: 5.614 Thread 0x000001e85c6640c0 Exception <a 'java/lang/IncompatibleClassChangeError'{0x000000008f977350}: Found class java.lang.Object, but interface was expected> (0x000000008f977350) 
thrown [s\open\src\hotspot\share\interpreter\linkResolver.cpp, line 840]
Event: 5.677 Thread 0x000001e85c6640c0 Exception <a 'java/lang/IncompatibleClassChangeError'{0x000000008f76db48}: Found class java.lang.Object, but interface was expected> (0x000000008f76db48) 
thrown [s\open\src\hotspot\share\interpreter\linkResolver.cpp, line 840]
Event: 5.695 Thread 0x000001e85c6640c0 Exception <a 'java/lang/NoSuchMethodError'{0x000000008f6327b0}: 'void java.lang.invoke.DirectMethodHandle$Holder.invokeVirtual(java.lang.Object, java.lang.Object, int)'> (0x000000008f6327b0) 
thrown [s\open\src\hotspot\share\interpreter\linkResolver.cpp, line 773]
Event: 5.696 Thread 0x000001e85c6640c0 Exception <a 'java/lang/NoSuchMethodError'{0x000000008f636708}: 'int java.lang.invoke.DirectMethodHandle$Holder.invokeSpecial(java.lang.Object, java.lang.Object, java.lang.Object, int)'> (0x000000008f636708) 
thrown [s\open\src\hotspot\share\interpreter\linkResolver.cpp, line 773]
Event: 5.697 Thread 0x000001e85c6640c0 Exception <a 'java/lang/NoSuchMethodError'{0x000000008f6484f0}: 'java.lang.Object java.lang.invoke.DirectMethodHandle$Holder.invokeStatic(java.lang.Object, java.lang.Object, java.lang.Object, java.lang.Object, int)'> (0x000000008f6484f0) 
thrown [s\open\src\hotspot\share\interpreter\linkResolver.cpp, line 773]
Event: 5.698 Thread 0x000001e85c6640c0 Exception <a 'java/lang/NoSuchMethodError'{0x000000008f652bd8}: 'void java.lang.invoke.DelegatingMethodHandle$Holder.reinvoke_L(java.lang.Object, java.lang.Object, int)'> (0x000000008f652bd8) 
thrown [s\open\src\hotspot\share\interpreter\linkResolver.cpp, line 773]
Event: 5.814 Thread 0x000001e85c6640c0 Exception <a 'java/lang/NoSuchMethodError'{0x000000008f3a0140}: 'java.lang.Object java.lang.invoke.DirectMethodHandle$Holder.invokeVirtual(java.lang.Object, java.lang.Object, java.lang.Object, java.lang.Object, java.lang.Object)'> (0x000000008f3a0140) 
thrown [s\open\src\hotspot\share\interpreter\linkResolver.cpp, line 773]
Event: 5.924 Thread 0x000001e85c6640c0 Exception <a 'java/lang/NoSuchMethodError'{0x000000008f7fe260}: 'void java.lang.invoke.DirectMethodHandle$Holder.invokeStatic(java.lang.Object, java.lang.Object, int)'> (0x000000008f7fe260) 
thrown [s\open\src\hotspot\share\interpreter\linkResolver.cpp, line 773]
Event: 5.944 Thread 0x000001e85c6640c0 Exception <a 'java/lang/NoSuchMethodError'{0x000000008f5144d0}: 'java.lang.Object java.lang.invoke.DirectMethodHandle$Holder.invokeVirtual(java.lang.Object, java.lang.Object, java.lang.Object, java.lang.Object, java.lang.Object, java.lang.Object)'> (0x000000008f5144d0) 
thrown [s\open\src\hotspot\share\interpreter\linkResolver.cpp, line 773]
Event: 5.982 Thread 0x000001e85c6640c0 Exception <a 'java/lang/NoSuchMethodError'{0x000000008f4c3f20}: 'void java.lang.invoke.DirectMethodHandle$Holder.invokeInterface(java.lang.Object, java.lang.Object, int)'> (0x000000008f4c3f20) 
thrown [s\open\src\hotspot\share\interpreter\linkResolver.cpp, line 773]
Event: 5.985 Thread 0x000001e85c6640c0 Exception <a 'java/lang/IncompatibleClassChangeError'{0x000000008f306238}: Found class java.lang.Object, but interface was expected> (0x000000008f306238) 
thrown [s\open\src\hotspot\share\interpreter\linkResolver.cpp, line 840]
Event: 5.985 Thread 0x000001e85c6640c0 Exception <a 'java/lang/NoSuchMethodError'{0x000000008f3142f0}: 'int java.lang.invoke.DirectMethodHandle$Holder.invokeSpecialIFC(java.lang.Object, java.lang.Object, java.lang.Object)'> (0x000000008f3142f0) 
thrown [s\open\src\hotspot\share\interpreter\linkResolver.cpp, line 773]
Event: 5.986 Thread 0x000001e85c6640c0 Exception <a 'java/lang/NoSuchMethodError'{0x000000008f329178}: 'void java.lang.invoke.DirectMethodHandle$Holder.invokeStatic(java.lang.Object, int, java.lang.Object)'> (0x000000008f329178) 
thrown [s\open\src\hotspot\share\interpreter\linkResolver.cpp, line 773]
Event: 5.992 Thread 0x000001e85c6640c0 Exception <a 'java/lang/NoSuchMethodError'{0x000000008f35f4c8}: 'void java.lang.invoke.DirectMethodHandle$Holder.invokeStatic(java.lang.Object, java.lang.Object, java.lang.Object, int, java.lang.Object)'> (0x000000008f35f4c8) 
thrown [s\open\src\hotspot\share\interpreter\linkResolver.cpp, line 773]
Event: 5.992 Thread 0x000001e85c6640c0 Exception <a 'java/lang/NoSuchMethodError'{0x000000008f365d88}: 'java.lang.Object java.lang.invoke.DirectMethodHandle$Holder.newInvokeSpecial(java.lang.Object, java.lang.Object, java.lang.Object, int)'> (0x000000008f365d88) 
thrown [s\open\src\hotspot\share\interpreter\linkResolver.cpp, line 773]
Event: 5.992 Thread 0x000001e85c6640c0 Exception <a 'java/lang/NoSuchMethodError'{0x000000008f369c18}: 'java.lang.Object java.lang.invoke.DirectMethodHandle$Holder.invokeSpecial(java.lang.Object, java.lang.Object, java.lang.Object, java.lang.Object, int)'> (0x000000008f369c18) 
thrown [s\open\src\hotspot\share\interpreter\linkResolver.cpp, line 773]
Event: 5.992 Thread 0x000001e85c6640c0 Exception <a 'java/lang/NoSuchMethodError'{0x000000008f36d0b0}: 'java.lang.Object java.lang.invoke.Invokers$Holder.linkToTargetMethod(java.lang.Object, java.lang.Object, int, java.lang.Object)'> (0x000000008f36d0b0) 
thrown [s\open\src\hotspot\share\interpreter\linkResolver.cpp, line 773]
Event: 6.086 Thread 0x000001e85c6640c0 Exception <a 'java/lang/NoSuchMethodError'{0x000000008f52cef0}: 'java.lang.Object java.lang.invoke.DirectMethodHandle$Holder.invokeStaticInit(java.lang.Object, int, int, int, int)'> (0x000000008f52cef0) 
thrown [s\open\src\hotspot\share\interpreter\linkResolver.cpp, line 773]
Event: 6.202 Thread 0x000001e85c6640c0 Exception <a 'java/lang/NoSuchMethodError'{0x000000008f5c16d0}: 'java.lang.Object java.lang.invoke.DirectMethodHandle$Holder.invokeStaticInit(java.lang.Object, java.lang.Object, int, int, int, int)'> (0x000000008f5c16d0) 
thrown [s\open\src\hotspot\share\interpreter\linkResolver.cpp, line 773]
Event: 6.330 Thread 0x000001e85c6640c0 Exception <a 'java/lang/NoSuchMethodError'{0x000000008f339f80}: 'int java.lang.invoke.DirectMethodHandle$Holder.invokeStatic(java.lang.Object, int, java.lang.Object)'> (0x000000008f339f80) 
thrown [s\open\src\hotspot\share\interpreter\linkResolver.cpp, line 773]

ZGC Phase Switch (0 events):
No events

VM Operations (20 events):
Event: 5.640 Executing VM operation: HandshakeAllThreads (Deoptimize) done
Event: 5.660 Executing VM operation: HandshakeAllThreads (Deoptimize)
Event: 5.660 Executing VM operation: HandshakeAllThreads (Deoptimize) done
Event: 5.825 Executing VM operation: G1CollectForAllocation (G1 Evacuation Pause)
Event: 5.829 Executing VM operation: G1CollectForAllocation (G1 Evacuation Pause) done
Event: 5.999 Executing VM operation: G1CollectForAllocation (G1 Evacuation Pause)
Event: 6.002 Executing VM operation: G1CollectForAllocation (G1 Evacuation Pause) done
Event: 6.101 Executing VM operation: HandshakeAllThreads (Deoptimize)
Event: 6.101 Executing VM operation: HandshakeAllThreads (Deoptimize) done
Event: 6.248 Executing VM operation: G1CollectForAllocation (G1 Evacuation Pause)
Event: 6.250 Executing VM operation: G1CollectForAllocation (G1 Evacuation Pause) done
Event: 6.290 Executing VM operation: HandshakeAllThreads (Deoptimize)
Event: 6.290 Executing VM operation: HandshakeAllThreads (Deoptimize) done
Event: 6.332 Executing VM operation: HandshakeAllThreads (Deoptimize)
Event: 6.332 Executing VM operation: HandshakeAllThreads (Deoptimize) done
Event: 6.358 Executing VM operation: G1CollectForAllocation (G1 Evacuation Pause)
Event: 6.360 Executing VM operation: G1CollectForAllocation (G1 Evacuation Pause) done
Event: 6.370 Executing VM operation: HandshakeAllThreads (Deoptimize)
Event: 6.370 Executing VM operation: HandshakeAllThreads (Deoptimize) done
Event: 6.434 Executing VM operation: G1CollectForAllocation (G1 Evacuation Pause)

Events (20 events):
Event: 0.061 Thread 0x000001e856f6a410 Thread added: 0x000001e856f6a410
Event: 0.062 Thread 0x000001e856f6af50 Thread added: 0x000001e856f6af50
Event: 0.062 Thread 0x000001e856f72650 Thread added: 0x000001e856f72650
Event: 0.062 Thread 0x000001e856f73190 Thread added: 0x000001e856f73190
Event: 0.062 Thread 0x000001e856f74d20 Thread added: 0x000001e856f74d20
Event: 0.062 Thread 0x000001e856f75770 Thread added: 0x000001e856f75770
Event: 0.062 Thread 0x000001e856f761c0 Thread added: 0x000001e856f761c0
Event: 0.114 Thread 0x000001e857a03fe0 Thread added: 0x000001e857a03fe0
Event: 0.117 Thread 0x000001e857a48d70 Thread added: 0x000001e857a48d70
Event: 0.119 Thread 0x000001e857a49590 Thread added: 0x000001e857a49590
Event: 0.380 Thread 0x000001e85c2ff8f0 Thread added: 0x000001e85c2ff8f0
Event: 0.634 Thread 0x000001e85c66c930 Thread added: 0x000001e85c66c930
Event: 0.637 Thread 0x000001e85c6640c0 Thread added: 0x000001e85c6640c0
Event: 1.018 Thread 0x000001e85c819b20 Thread added: 0x000001e85c819b20
Event: 1.774 Thread 0x000001e85c819b20 Thread exited: 0x000001e85c819b20
Event: 1.844 Thread 0x000001e85cf23880 Thread added: 0x000001e85cf23880
Event: 1.919 Thread 0x000001e85cf23880 Thread exited: 0x000001e85cf23880
Event: 4.252 Thread 0x000001e85c2ff8f0 Thread exited: 0x000001e85c2ff8f0
Event: 4.252 Thread 0x000001e857a03fe0 Thread exited: 0x000001e857a03fe0
Event: 5.456 Thread 0x000001e85d56cc70 Thread added: 0x000001e85d56cc70


Dynamic libraries:
0x00007ff708910000 - 0x00007ff708920000 	C:\Program Files\Java\jdk-21\bin\java.exe
0x00007ffcf3f40000 - 0x00007ffcf41a3000 	C:\WINDOWS\SYSTEM32\ntdll.dll
0x00007ffcf35f0000 - 0x00007ffcf36b7000 	C:\WINDOWS\System32\KERNEL32.DLL
0x00007ffcf1780000 - 0x00007ffcf1b47000 	C:\WINDOWS\System32\KERNELBASE.dll
0x00007ffcf14d0000 - 0x00007ffcf161c000 	C:\WINDOWS\System32\ucrtbase.dll
0x00007ffcddca0000 - 0x00007ffcddcb9000 	C:\Program Files\Java\jdk-21\bin\jli.dll
0x00007ffcf3e20000 - 0x00007ffcf3ed4000 	C:\WINDOWS\System32\ADVAPI32.dll
0x00007ffce7710000 - 0x00007ffce772b000 	C:\Program Files\Java\jdk-21\bin\VCRUNTIME140.dll
0x00007ffcf3010000 - 0x00007ffcf30b9000 	C:\WINDOWS\System32\msvcrt.dll
0x00007ffcf2850000 - 0x00007ffcf28f6000 	C:\WINDOWS\System32\sechost.dll
0x00007ffcf32c0000 - 0x00007ffcf33d6000 	C:\WINDOWS\System32\RPCRT4.dll
0x00007ffcf33e0000 - 0x00007ffcf35a9000 	C:\WINDOWS\System32\USER32.dll
0x00007ffcd4dd0000 - 0x00007ffcd5060000 	C:\WINDOWS\WinSxS\amd64_microsoft.windows.common-controls_6595b64144ccf1df_6.0.26100.3037_none_3e09262ce333c378\COMCTL32.dll
0x00007ffcf1d90000 - 0x00007ffcf1dba000 	C:\WINDOWS\System32\GDI32.dll
0x00007ffcf1750000 - 0x00007ffcf1777000 	C:\WINDOWS\System32\win32u.dll
0x00007ffcf1620000 - 0x00007ffcf174b000 	C:\WINDOWS\System32\gdi32full.dll
0x00007ffcf1cd0000 - 0x00007ffcf1d73000 	C:\WINDOWS\System32\msvcp_win.dll
0x00007ffce70b0000 - 0x00007ffce70bb000 	C:\WINDOWS\SYSTEM32\VERSION.dll
0x00007ffcf35b0000 - 0x00007ffcf35df000 	C:\WINDOWS\System32\IMM32.DLL
0x00007ffce9e00000 - 0x00007ffce9e0c000 	C:\Program Files\Java\jdk-21\bin\vcruntime140_1.dll
0x00007ffca1250000 - 0x00007ffca12de000 	C:\Program Files\Java\jdk-21\bin\msvcp140.dll
0x00007ffc42310000 - 0x00007ffc43028000 	C:\Program Files\Java\jdk-21\bin\server\jvm.dll
0x00007ffcf3240000 - 0x00007ffcf32b4000 	C:\WINDOWS\System32\WS2_32.dll
0x00007ffceffa0000 - 0x00007ffceffee000 	C:\WINDOWS\SYSTEM32\POWRPROF.dll
0x00007ffce4930000 - 0x00007ffce4966000 	C:\WINDOWS\SYSTEM32\WINMM.dll
0x00007ffceff80000 - 0x00007ffceff94000 	C:\WINDOWS\SYSTEM32\UMPDC.dll
0x00007ffcf0220000 - 0x00007ffcf023a000 	C:\WINDOWS\SYSTEM32\kernel.appcore.dll
0x00007ffce9dd0000 - 0x00007ffce9dda000 	C:\Program Files\Java\jdk-21\bin\jimage.dll
0x00007ffcee690000 - 0x00007ffcee8d1000 	C:\WINDOWS\SYSTEM32\DBGHELP.DLL
0x00007ffcf2080000 - 0x00007ffcf23fe000 	C:\WINDOWS\System32\combase.dll
0x00007ffcf26f0000 - 0x00007ffcf27c6000 	C:\WINDOWS\System32\OLEAUT32.dll
0x00007ffccacb0000 - 0x00007ffccace9000 	C:\WINDOWS\SYSTEM32\dbgcore.DLL
0x00007ffcf12e0000 - 0x00007ffcf1379000 	C:\WINDOWS\System32\bcryptPrimitives.dll
0x00007ffcdb520000 - 0x00007ffcdb53f000 	C:\Program Files\Java\jdk-21\bin\java.dll
0x00007ffcf3710000 - 0x00007ffcf3e14000 	C:\WINDOWS\System32\SHELL32.dll
0x00007ffcef020000 - 0x00007ffcef857000 	C:\WINDOWS\SYSTEM32\windows.storage.dll
0x00007ffcf1f90000 - 0x00007ffcf2079000 	C:\WINDOWS\System32\SHCORE.dll
0x00007ffcf2410000 - 0x00007ffcf246d000 	C:\WINDOWS\System32\shlwapi.dll
0x00007ffcf11f0000 - 0x00007ffcf121e000 	C:\WINDOWS\SYSTEM32\profapi.dll
0x00007ffce7700000 - 0x00007ffce7710000 	C:\Program Files\Java\jdk-21\bin\net.dll
0x00007ffceb060000 - 0x00007ffceb17e000 	C:\WINDOWS\SYSTEM32\WINHTTP.dll
0x00007ffcf0730000 - 0x00007ffcf079a000 	C:\WINDOWS\system32\mswsock.dll
0x00007ffcd9b50000 - 0x00007ffcd9b66000 	C:\Program Files\Java\jdk-21\bin\nio.dll
0x00007ffcd8660000 - 0x00007ffcd8678000 	C:\Program Files\Java\jdk-21\bin\zip.dll
0x00007ffcd9100000 - 0x00007ffcd9110000 	C:\Program Files\Java\jdk-21\bin\verify.dll
0x00007ffce9e10000 - 0x00007ffce9e1a000 	C:\Program Files\Java\jdk-21\bin\management.dll
0x00007ffcd85a0000 - 0x00007ffcd85ab000 	C:\Program Files\Java\jdk-21\bin\management_ext.dll
0x00007ffcf3ee0000 - 0x00007ffcf3ee8000 	C:\WINDOWS\System32\PSAPI.DLL
0x00007ffcd85b0000 - 0x00007ffcd85be000 	C:\Program Files\Java\jdk-21\bin\sunmscapi.dll
0x00007ffcf1b50000 - 0x00007ffcf1cc6000 	C:\WINDOWS\System32\CRYPT32.dll
0x00007ffcf0bd0000 - 0x00007ffcf0c00000 	C:\WINDOWS\SYSTEM32\ncrypt.dll
0x00007ffcf0b80000 - 0x00007ffcf0bbf000 	C:\WINDOWS\SYSTEM32\NTASN1.dll
0x00007ffcf09d0000 - 0x00007ffcf09ec000 	C:\WINDOWS\SYSTEM32\CRYPTSP.dll
0x00007ffcf0180000 - 0x00007ffcf01b8000 	C:\WINDOWS\system32\rsaenh.dll
0x00007ffcf07d0000 - 0x00007ffcf07fb000 	C:\WINDOWS\SYSTEM32\USERENV.dll
0x00007ffcf0c10000 - 0x00007ffcf0c36000 	C:\WINDOWS\SYSTEM32\bcrypt.dll
0x00007ffcf09f0000 - 0x00007ffcf09fc000 	C:\WINDOWS\SYSTEM32\CRYPTBASE.dll
0x00007ffcefc30000 - 0x00007ffcefc62000 	C:\WINDOWS\SYSTEM32\IPHLPAPI.DLL
0x00007ffcf3000000 - 0x00007ffcf300a000 	C:\WINDOWS\System32\NSI.dll

dbghelp: loaded successfully - version: 4.0.5 - missing functions: none
symbol engine: initialized successfully - sym options: 0x614 - pdb path: .;C:\Program Files\Java\jdk-21\bin;C:\WINDOWS\SYSTEM32;C:\WINDOWS\WinSxS\amd64_microsoft.windows.common-controls_6595b64144ccf1df_6.0.26100.3037_none_3e09262ce333c378;C:\Program Files\Java\jdk-21\bin\server

VM Arguments:
jvm_args: -XX:TieredStopAtLevel=1 
java_command: com.example.server.ServerApplication
java_class_path (initial): D:\DATN-SP25-4bee\server\target\classes;C:\Users\ASUS\.m2\repository\ch\qos\logback\logback-classic\1.5.12\logback-classic-1.5.12.jar;C:\Users\ASUS\.m2\repository\ch\qos\logback\logback-core\1.5.12\logback-core-1.5.12.jar;C:\Users\ASUS\.m2\repository\org\apache\logging\log4j\log4j-to-slf4j\2.24.3\log4j-to-slf4j-2.24.3.jar;C:\Users\ASUS\.m2\repository\org\apache\logging\log4j\log4j-api\2.24.3\log4j-api-2.24.3.jar;C:\Users\ASUS\.m2\repository\org\slf4j\jul-to-slf4j\2.0.16\jul-to-slf4j-2.0.16.jar;C:\Users\ASUS\.m2\repository\jakarta\annotation\jakarta.annotation-api\2.1.1\jakarta.annotation-api-2.1.1.jar;C:\Users\ASUS\.m2\repository\org\yaml\snakeyaml\2.3\snakeyaml-2.3.jar;C:\Users\ASUS\.m2\repository\com\fasterxml\jackson\datatype\jackson-datatype-jdk8\2.18.2\jackson-datatype-jdk8-2.18.2.jar;C:\Users\ASUS\.m2\repository\com\fasterxml\jackson\datatype\jackson-datatype-jsr310\2.18.2\jackson-datatype-jsr310-2.18.2.jar;C:\Users\ASUS\.m2\repository\com\fasterxml\jackson\module\jackson-module-parameter-names\2.18.2\jackson-module-parameter-names-2.18.2.jar;C:\Users\ASUS\.m2\repository\org\apache\tomcat\embed\tomcat-embed-core\10.1.34\tomcat-embed-core-10.1.34.jar;C:\Users\ASUS\.m2\repository\org\apache\tomcat\embed\tomcat-embed-websocket\10.1.34\tomcat-embed-websocket-10.1.34.jar;C:\Users\ASUS\.m2\repository\org\springframework\spring-web\6.2.1\spring-web-6.2.1.jar;C:\Users\ASUS\.m2\repository\org\springframework\spring-beans\6.2.1\spring-beans-6.2.1.jar;C:\Users\ASUS\.m2\repository\io\micrometer\micrometer-observation\1.14.2\micrometer-observation-1.14.2.jar;C:\Users\ASUS\.m2\repository\io\micrometer\micrometer-commons\1.14.2\micrometer-commons-1.14.2.jar;C:\Users\ASUS\.m2\repository\org\springframework\spring-webmvc\6.2.1\spring-webmvc-6.2.1.jar;C:\Users\ASUS\.m2\repository\org\springframework\spring-context\6.2.1\spring-context-6.2.1.jar;C:\Users\ASUS\.m2\repository\org\springframework\spring-expression\6.2.1\spring-expression-6.2.1.jar;C:\Users\ASUS\.m2\repository\com\zaxxer\HikariCP\5.1.0\HikariCP-5.1.0.jar;C:\Users\ASUS\.m2\repository\org\springframework\spring-jdbc\6.2.1\spring-jdbc-6.2.1.jar;C:\Users\ASUS\.m2\repository\org\hibernate\orm\hibernate-core\6.6.4.Final\hibernate-core-6.6.4.Final.jar;C:\Users\ASUS\.m2\repository\jakarta\persistence\jakarta.persistence-api\3.1.0\jakarta.persistence-api-3.1.0.jar;C:\Users\ASUS\.m2\repository\jakarta\transaction\jakarta.transaction-api\2.0.1\jakarta.transaction-api-2.0.1.jar;C:\Users\ASUS\.m2\repository\org\jboss\logging\jboss-logging\3.6.1.Final\jboss-logging-3.6.1.Final.jar;C:\Users\ASUS\.m2\repository\org\hibernate\common\hibernate-commons-annotations\7.0.3.Final\hibernate-commons-annotations-7.0.3.Final.jar;C:\Users\ASUS\.m2\repository\io\smallrye\jandex\3.2.0\jandex-3.2.0.jar;C:\Users\ASUS\.m2\repository\com\fasterxml\classmate\1.7.0\classmate-1.7.0.jar;C:\Users\ASUS\.m2\repository\net\bytebuddy\byte-buddy\1.15.11\byte-buddy-1.15.11.jar;C:\Users\ASUS\.m2\repository\org\glassfish\jaxb\jaxb-runtime\4.0.5\jaxb-runtime-4.0.5.jar;C:\Users\ASUS\.m2\repository\org\glassfish\jaxb\jaxb-core\4.0.5\jaxb-core-4.0.5.jar;C:\Users\ASUS\.m2\repository\org\glassfish\jaxb\txw2\4.0.5\txw2-4.0.5.jar;C:\Users\ASUS\.m2\repository\com\sun\istack\istack-commons-runtime\4.1.2\istack-commons-runtime-4.1.2.jar;C:\Users\ASUS\.m2\repository\jakarta\inject\jakarta.inject-api\2.0.1\jakarta.inject-api-2.0.1.jar;C:\Users\ASUS\.m2\repository\org\antlr\antlr4-runtime\4.13.0\antlr4-runtime-4.13.0.jar;C:\Users\ASUS\.m2\repository\org\springframework\data\spring-data-jpa\3.4.1\spring-data-jpa-3.4.1.jar;C:\Users\ASUS\.m2\repository\org\springframework\data\spring-data-commons\3.4.1\spring-data-commons-3.4.1.jar;C:\Users\ASUS\.m2\repository\org\springframework\spring-orm\6.2.1\spring-orm-6.2.1.jar;C:\Users\ASUS\.m2\repository\org\springframework\spring-tx\6.2.1\spring-tx-6.2.1.jar;C:\Users\ASUS\.m2\repository\org\springframework\spring-aspects\6.2.1\spring-aspects-6.2.1.jar;C:\Users\ASUS\.m2\repository\org\aspectj\aspectjweaver\1.9.22.1\aspectjweaver-1.9.22.1.jar;C:\Users\ASUS\.m2\repository\org\springframework\spring-aop\6.2.1\spring-aop-6.2.1.jar;C:\Users\ASUS\.m2\repository\org\springframework\security\spring-security-config\6.4.2\spring-security-config-6.4.2.jar;C:\Users\ASUS\.m2\repository\org\springframework\security\spring-security-web\6.4.2\spring-security-web-6.4.2.jar;C:\Users\ASUS\.m2\repository\org\apache\tomcat\embed\tomcat-embed-el\10.1.34\tomcat-embed-el-10.1.34.jar;C:\Users\ASUS\.m2\repository\org\hibernate\validator\hibernate-validator\8.0.2.Final\hibernate-validator-8.0.2.Final.jar;C:\Users\ASUS\.m2\repository\jakarta\validation\jakarta.validation-api\3.0.2\jakarta.validation-api-3.0.2.jar;C:\Users\ASUS\.m2\repository\com\mysql\mysql-connector-j\9.1.0\mysql-connector-j-9.1.0.jar;C:\Users\ASUS\.m2\repository\com\itextpdf\itext7-core\7.2.5\itext7-core-7.2.5.pom;C:\Users\ASUS\.m2\repository\com\itextpdf\barcodes\7.2.5\barcodes-7.2.5.jar;C:\Users\ASUS\.m2\repository\com\itextpdf\font-asian\7.2.5\font-asian-7.2.5.jar;C:\Users\ASUS\.m2\repository\com\itextpdf\forms\7.2.5\forms-7.2.5.jar;C:\Users\ASUS\.m2\repository\com\itextpdf\hyph\7.2.5\hyph-7.2.5.jar;C:\Users\ASUS\.m2\repository\com\itextpdf\io\7.2.5\io-7.2.5.jar;C:\Users\ASUS\.m2\repository\com\itextpdf\commons\7.2.5\commons-7.2.5.jar;C:\Users\ASUS\.m2\repository\com\itextpdf\pdfa\7.2.5\pdfa-7.2.5.jar;C:\Users\ASUS\.m2\repository\com\itextpdf\sign\7.2.5\sign-7.2.5.jar;C:\Users\ASUS\.m2\repository\com\itextpdf\styled-xml-parser\7.2.5\styled-xml-parser-7.2.5.jar;C:\Users\ASUS\.m2\repository\com\itextpdf\svg\7.2.5\svg-7.2.5.jar;C:\Users\ASUS\.m2\repository\com\itextpdf\kernel\7.2.5\kernel-7.2.5.jar;C:\Users\ASUS\.m2\repository\org\bouncycastle\bcpkix-jdk15on\1.70\bcpkix-jdk15on-1.70.jar;C:\Users\ASUS\.m2\repository\org\bouncycastle\bcutil-jdk15on\1.70\bcutil-jdk15on-1.70.jar;C:\Users\ASUS\.m2\repository\org\bouncycastle\bcprov-jdk15on\1.70\bcprov-jdk15on-1.70.jar;C:\Users\ASUS\.m2\repository\org\slf4j\slf4j-api\2.0.16\slf4j-api-2.0.16.jar;C:\Users\ASUS\.m2\repository\com\itextpdf\layout\7.2.5\layout-7.2.5.jar;C:\Users\ASUS\.m2\repository\commons-io\commons-io\2.11.0\commons-io-2.11.0.jar;C:\Users\ASUS\.m2\repository\com\cloudinary\cloudinary-http44\1.36.0\cloudinary-http44-1.36.0.jar;C:\Users\ASUS\.m2\repository\com\cloudinary\cloudinary-core\1.36.0\cloudinary-core-1.36.0.jar;C:\Users\ASUS\.m2\repository\org\apache\commons\commons-lang3\3.17.0\commons-lang3-3.17.0.jar;C:\Users\ASUS\.m2\repository\org\apache\httpcomponents\httpclient\4.4\httpclient-4.4.jar;C:\Users\ASUS\.m2\repository\org\apache\httpcomponents\httpcore\4.4.16\httpcore-4.4.16.jar;C:\Users\ASUS\.m2\repository\commons-logging\commons-logging\1.2\commons-logging-1.2.jar;C:\Users\ASUS\.m2\repository\commons-codec\commons-codec\1.17.1\commons-codec-1.17.1.jar;C:\Users\ASUS\.m2\repository\org\apache\httpcomponents\httpmime\4.4\httpmime-4.4.jar;C:\Users\ASUS\.m2\repository\org\springdoc\springdoc-openapi-starter-webmvc-ui\2.3.0\springdoc-openapi-starter-webmvc-ui-2.3.0.jar;C:\Users\ASUS\.m2\repository\org\springdoc\springdoc-openapi-starter-webmvc-api\2.3.0\springdoc-openapi-starter-webmvc-api-2.3.0.jar;C:\Users\ASUS\.m2\repository\org\springdoc\springdoc-openapi-starter-common\2.3.0\springdoc-openapi-starter-common-2.3.0.jar;C:\Users\ASUS\.m2\repository\io\swagger\core\v3\swagger-core-jakarta\2.2.19\swagger-core-jakarta-2.2.19.jar;C:\Users\ASUS\.m2\repository\io\swagger\core\v3\swagger-annotations-jakarta\2.2.19\swagger-annotations-jakarta-2.2.19.jar;C:\Users\ASUS\.m2\repository\io\swagger\core\v3\swagger-models-jakarta\2.2.19\swagger-models-jakarta-2.2.19.jar;C:\Users\ASUS\.m2\repository\com\fasterxml\jackson\dataformat\jackson-dataformat-yaml\2.18.2\jackson-dataformat-yaml-2.18.2.jar;C:\Users\ASUS\.m2\repository\org\webjars\swagger-ui\5.10.3\swagger-ui-5.10.3.jar;C:\Users\ASUS\.m2\repository\io\jsonwebtoken\jjwt-api\0.11.5\jjwt-api-0.11.5.jar;C:\Users\ASUS\.m2\repository\io\jsonwebtoken\jjwt-impl\0.11.5\jjwt-impl-0.11.5.jar;C:\Users\ASUS\.m2\repository\io\jsonwebtoken\jjwt-jackson\0.11.5\jjwt-jackson-0.11.5.jar;C:\Users\ASUS\.m2\repository\com\fasterxml\jackson\core\jackson-databind\2.18.2\jackson-databind-2.18.2.jar;C:\Users\ASUS\.m2\repository\com\fasterxml\jackson\core\jackson-annotations\2.18.2\jackson-annotations-2.18.2.jar;C:\Users\ASUS\.m2\repository\com\fasterxml\jackson\core\jackson-core\2.18.2\jackson-core-2.18.2.jar;C:\Users\ASUS\.m2\repository\jakarta\xml\bind\jakarta.xml.bind-api\4.0.2\jakarta.xml.bind-api-4.0.2.jar;C:\Users\ASUS\.m2\repository\jakarta\activation\jakarta.activation-api\2.1.3\jakarta.activation-api-2.1.3.jar;C:\Users\ASUS\.m2\repository\org\springframework\spring-core\6.2.1\spring-core-6.2.1.jar;C:\Users\ASUS\.m2\repository\org\springframework\spring-jcl\6.2.1\spring-jcl-6.2.1.jar;C:\Users\ASUS\.m2\repository\org\springframework\security\spring-security-core\6.4.2\spring-security-core-6.4.2.jar;C:\Users\ASUS\.m2\repository\org\springframework\security\spring-security-crypto\6.4.2\spring-security-crypto-6.4.2.jar;C:\Users\ASUS\.m2\repository\org\springframework\boot\spring-boot-devtools\3.4.1\spring-boot-devtools-3.4.1.jar;C:\Users\ASUS\.m2\repository\org\springframework\boot\spring-boot\3.4.1\spring-boot-3.4.1.jar;C:\Users\ASUS\.m2\repository\org\springframework\boot\spring-boot-autoconfigure\3.4.1\spring-boot-autoconfigure-3.4.1.jar;C:\Users\ASUS\.m2\repository\org\mapstruct\mapstruct\1.5.5.Final\mapstruct-1.5.5.Final.jar;C:\Users\ASUS\.m2\repository\org\modelmapper\modelmapper\3.1.1\modelmapper-3.1.1.jar;C:\Users\ASUS\.m2\repository\org\springframework\spring-context-support\6.2.1\spring-context-support-6.2.1.jar;C:\Users\ASUS\.m2\repository\org\eclipse\angus\jakarta.mail\2.0.3\jakarta.mail-2.0.3.jar;C:\Users\ASUS\.m2\repository\org\eclipse\angus\angus-activation\2.0.2\angus-activation-2.0.2.jar;C:\Users\ASUS\.m2\repository\org\springframework\spring-messaging\6.2.1\spring-messaging-6.2.1.jar;C:\Users\ASUS\.m2\repository\org\springframework\spring-websocket\6.2.1\spring-websocket-6.2.1.jar
Launcher Type: SUN_STANDARD

[Global flags]
     intx CICompilerCount                          = 4                                         {product} {ergonomic}
     uint ConcGCThreads                            = 3                                         {product} {ergonomic}
     uint G1ConcRefinementThreads                  = 10                                        {product} {ergonomic}
   size_t G1HeapRegionSize                         = 1048576                                   {product} {ergonomic}
    uintx GCDrainStackTargetSize                   = 64                                        {product} {ergonomic}
   size_t InitialHeapSize                          = 130023424                                 {product} {ergonomic}
   size_t MarkStackSize                            = 4194304                                   {product} {ergonomic}
   size_t MaxHeapSize                              = 2076180480                                {product} {ergonomic}
   size_t MaxNewSize                               = 1245708288                                {product} {ergonomic}
   size_t MinHeapDeltaBytes                        = 1048576                                   {product} {ergonomic}
   size_t MinHeapSize                              = 8388608                                   {product} {ergonomic}
    uintx NonNMethodCodeHeapSize                   = 4096                                   {pd product} {ergonomic}
    uintx NonProfiledCodeHeapSize                  = 0                                      {pd product} {ergonomic}
     bool ProfileInterpreter                       = false                                  {pd product} {command line}
    uintx ProfiledCodeHeapSize                     = 0                                      {pd product} {ergonomic}
   size_t SoftMaxHeapSize                          = 2076180480                             {manageable} {ergonomic}
     intx TieredStopAtLevel                        = 1                                         {product} {command line}
     bool UseCompressedOops                        = true                           {product lp64_product} {ergonomic}
     bool UseG1GC                                  = true                                      {product} {ergonomic}
     bool UseLargePagesIndividualAllocation        = false                                  {pd product} {ergonomic}

Logging:
Log output configuration:
 #0: stdout all=warning uptime,level,tags foldmultilines=false
 #1: stderr all=off uptime,level,tags foldmultilines=false

Environment Variables:
JAVA_HOME=C:\Program Files\Java\jdk-21
PATH=C:\Program Files (x86)\Common Files\Oracle\Java\javapath;C:\Program Files\Common Files\Oracle\Java\javapath;C:\Program Files\Microsoft MPI\Bin\;C:\Windows\system32;C:\Windows;C:\Windows\System32\Wbem;C:\Windows\System32\WindowsPowerShell\v1.0\;C:\Windows\System32\OpenSSH\;C:\Program Files (x86)\NVIDIA Corporation\PhysX\Common;C:\Program Files\NVIDIA Corporation\NVIDIA NvDLISR;C:\WINDOWS\system32;C:\WINDOWS;C:\WINDOWS\System32\Wbem;C:\WINDOWS\System32\WindowsPowerShell\v1.0\;C:\WINDOWS\System32\OpenSSH\;C:\Java\bin\;C:\Program Files (x86)\Microsoft SQL Server\160\Tools\Binn\;C:\Program Files\Microsoft SQL Server\160\Tools\Binn\;C:\Program Files\Microsoft SQL Server\Client SDK\ODBC\170\Tools\Binn\;C:\Program Files\Microsoft SQL Server\160\DTS\Binn\;C:\Program Files\Azure Data Studio\bin;C:\Program Files (x86)\Microsoft SQL Server\160\DTS\Binn\;C:\Program Files\dotnet\;C:\Program Files\Git\cmd;C:\Users\ASUS\AppData\Roaming\nvm;C:\Program Files\nodejs;c:\Users\ASUS\AppData\Local\Programs\cursor\resources\app\bin;C:\Users\ASUS\AppData\Local\Microsoft\WindowsApps;C:\Users\ASUS\AppData\Local\Programs\Microsoft VS Code\bin;C:\msys64\usr\bin;C:\msys64\mingw64\bin;C:\Program Files\JetBrains\IntelliJ IDEA Community Edition 2023.1.2\bin;;C:\Program Files\Azure Data Studio\bin;C:\Users\ASUS\AppData\Local\GitHubDesktop\bin;C:\Users\ASUS\AppData\Roaming\npm;C:\Program Files\JetBrains\IntelliJ IDEA 2024.1.4\bin;;C:\Program Files\Java\jdk-21\bin;C:\Program Files\apache-maven-3.9.9-bin\apache-maven-3.9.9\bin;C:\Users\ASUS\AppData\Roaming\nvm;C:\Program Files\nodejs;C:\Users\ASUS\.lmstudio\bin
USERNAME=ASUS
OS=Windows_NT
PROCESSOR_IDENTIFIER=Intel64 Family 6 Model 141 Stepping 1, GenuineIntel
TMP=C:\Users\ASUS\AppData\Local\Temp
TEMP=C:\Users\ASUS\AppData\Local\Temp




Periodic native trim disabled

---------------  S Y S T E M  ---------------

OS:
 Windows 11 , 64 bit Build 26100 (10.0.26100.3037)
OS uptime: 6 days 9:10 hours

CPU: total 12 (initial active 12) (6 cores per cpu, 2 threads per core) family 6 model 141 stepping 1 microcode 0x34, cx8, cmov, fxsr, ht, mmx, 3dnowpref, sse, sse2, sse3, ssse3, sse4.1, sse4.2, popcnt, lzcnt, tsc, tscinvbit, avx, avx2, aes, erms, clmul, bmi1, bmi2, adx, avx512f, avx512dq, avx512cd, avx512bw, avx512vl, sha, fma, vzeroupper, avx512_vpopcntdq, avx512_vpclmulqdq, avx512_vaes, avx512_vnni, clflush, clflushopt, clwb, avx512_vbmi2, avx512_vbmi, rdtscp, rdpid, fsrm, gfni, avx512_bitalg, f16c, pku, cet_ibt, cet_ss, avx512_ifma
Processor Information for all 12 processors :
  Max Mhz: 2688, Current Mhz: 2688, Mhz Limit: 2688

Memory: 4k page, system-wide physical 7914M (290M free)
TotalPageFile size 32490M (AvailPageFile size 0M)
current process WorkingSet (physical memory assigned to process): 152M, peak: 186M
current process commit charge ("private bytes"): 329M, peak: 626M

vm_info: Java HotSpot(TM) 64-Bit Server VM (21.0.5+9-LTS-239) for windows-amd64 JRE (21.0.5+9-LTS-239), built on 2024-09-30T05:17:38Z by "mach5one" with MS VC++ 17.6 (VS2022)

END.
